
---- Processing MISC ----
---- Processing batch process for Customizer start ----
---- Processing batch process for Customizer done ----
---- Processing Images ----
---- Processing Images Metadata ----
---- Processing Images ----
---- Processing Images Metadata ----
---- Processing Images ----
---- Processing Images Metadata ----
---- Processing Images ----
---- Processing Images Metadata ----
---- Processing Images ----
---- Processing Images Metadata ----
---- Processing Images ----
---- Processing Images Metadata ----
---- Processing Images ----
---- Processing Images Metadata ----
---- Processing Images ----
---- Processing Images Metadata ----
Batch Process Complete!